<?xml version="1.0" encoding="UTF-8"?>
<testng-results ignored="0" total="9" passed="9" failed="0" skipped="0">
  <reporter-output>
  </reporter-output>
  <suite started-at="2021-01-31T20:51:49 EET" name="Default suite" finished-at="2021-01-31T20:52:09 EET" duration-ms="20017">
    <groups>
    </groups>
    <test started-at="2021-01-31T20:51:49 EET" name="Default test" finished-at="2021-01-31T20:52:09 EET" duration-ms="20017">
      <class name="testAbv.NegativeTest">
        <test-method is-config="true" signature="setUp()[pri:0, instance:testAbv.NegativeTest@865dd6]" started-at="2021-01-31T20:51:49 EET" name="setUp" finished-at="2021-01-31T20:52:02 EET" duration-ms="12651" status="PASS">
          <reporter-output>
          </reporter-output>
        </test-method> <!-- setUp -->
        <test-method is-config="true" signature="openRegistration()[pri:0, instance:testAbv.NegativeTest@865dd6]" started-at="2021-01-31T20:52:02 EET" name="openRegistration" finished-at="2021-01-31T20:52:04 EET" duration-ms="2175" status="PASS">
          <reporter-output>
          </reporter-output>
        </test-method> <!-- openRegistration -->
        <test-method signature="emptyFieldValidation()[pri:1, instance:testAbv.NegativeTest@865dd6]" started-at="2021-01-31T20:52:04 EET" name="emptyFieldValidation" finished-at="2021-01-31T20:52:04 EET" duration-ms="337" status="PASS">
          <reporter-output>
          </reporter-output>
        </test-method> <!-- emptyFieldValidation -->
        <test-method signature="checkTelField(java.lang.String)[pri:2, instance:testAbv.NegativeTest@865dd6]" started-at="2021-01-31T20:52:04 EET" name="checkTelField" data-provider="invalidData" finished-at="2021-01-31T20:52:05 EET" duration-ms="248" status="PASS">
          <params>
            <param index="0">
              <value>
                <![CDATA[1234567894]]>
              </value>
            </param>
          </params>
          <reporter-output>
          </reporter-output>
        </test-method> <!-- checkTelField -->
        <test-method signature="checkTelField(java.lang.String)[pri:2, instance:testAbv.NegativeTest@865dd6]" started-at="2021-01-31T20:52:05 EET" name="checkTelField" data-provider="invalidData" finished-at="2021-01-31T20:52:05 EET" duration-ms="102" status="PASS">
          <params>
            <param index="0">
              <value>
                <![CDATA[hi]]>
              </value>
            </param>
          </params>
          <reporter-output>
          </reporter-output>
        </test-method> <!-- checkTelField -->
        <test-method signature="checkTelField(java.lang.String)[pri:2, instance:testAbv.NegativeTest@865dd6]" started-at="2021-01-31T20:52:05 EET" name="checkTelField" data-provider="invalidData" finished-at="2021-01-31T20:52:05 EET" duration-ms="154" status="PASS">
          <params>
            <param index="0">
              <value>
                <![CDATA[e23456789]]>
              </value>
            </param>
          </params>
          <reporter-output>
          </reporter-output>
        </test-method> <!-- checkTelField -->
        <test-method signature="checkTelField(java.lang.String)[pri:2, instance:testAbv.NegativeTest@865dd6]" started-at="2021-01-31T20:52:05 EET" name="checkTelField" data-provider="invalidData" finished-at="2021-01-31T20:52:05 EET" duration-ms="115" status="PASS">
          <params>
            <param index="0">
              <value>
                <![CDATA[ ]]>
              </value>
            </param>
          </params>
          <reporter-output>
          </reporter-output>
        </test-method> <!-- checkTelField -->
        <test-method signature="checkAbvUserField(java.lang.String)[pri:3, instance:testAbv.NegativeTest@865dd6]" started-at="2021-01-31T20:52:05 EET" name="checkAbvUserField" data-provider="invalidData" finished-at="2021-01-31T20:52:05 EET" duration-ms="180" status="PASS">
          <params>
            <param index="0">
              <value>
                <![CDATA[k   ]]>
              </value>
            </param>
          </params>
          <reporter-output>
          </reporter-output>
        </test-method> <!-- checkAbvUserField -->
        <test-method signature="checkAbvUserField(java.lang.String)[pri:3, instance:testAbv.NegativeTest@865dd6]" started-at="2021-01-31T20:52:05 EET" name="checkAbvUserField" data-provider="invalidData" finished-at="2021-01-31T20:52:05 EET" duration-ms="136" status="PASS">
          <params>
            <param index="0">
              <value>
                <![CDATA[здр]]>
              </value>
            </param>
          </params>
          <reporter-output>
          </reporter-output>
        </test-method> <!-- checkAbvUserField -->
        <test-method signature="invalidRegistrationIndex(java.lang.String, java.lang.String, java.lang.String, java.lang.String, java.lang.String, java.lang.String)[pri:4, instance:testAbv.NegativeTest@865dd6]" started-at="2021-01-31T20:52:05 EET" name="invalidRegistrationIndex" data-provider="invalidData" finished-at="2021-01-31T20:52:07 EET" duration-ms="1995" status="PASS">
          <params>
            <param index="0">
              <value>
                <![CDATA[j5]]>
              </value>
            </param>
            <param index="1">
              <value>
                <![CDATA[12Tt%6&]]>
              </value>
            </param>
            <param index="2">
              <value>
                <![CDATA[1*]]>
              </value>
            </param>
            <param index="3">
              <value>
                <![CDATA[8]]>
              </value>
            </param>
            <param index="4">
              <value>
                <![CDATA[p1]]>
              </value>
            </param>
            <param index="5">
              <value>
                <![CDATA[s9]]>
              </value>
            </param>
          </params>
          <reporter-output>
          </reporter-output>
        </test-method> <!-- invalidRegistrationIndex -->
        <test-method signature="invalidRegistrationIndex(java.lang.String, java.lang.String, java.lang.String, java.lang.String, java.lang.String, java.lang.String)[pri:4, instance:testAbv.NegativeTest@865dd6]" started-at="2021-01-31T20:52:07 EET" name="invalidRegistrationIndex" data-provider="invalidData" finished-at="2021-01-31T20:52:08 EET" duration-ms="967" status="PASS">
          <params>
            <param index="0">
              <value>
                <![CDATA[j]]>
              </value>
            </param>
            <param index="1">
              <value>
                <![CDATA[1]]>
              </value>
            </param>
            <param index="2">
              <value>
                <![CDATA[1]]>
              </value>
            </param>
            <param index="3">
              <value>
                <![CDATA[12345678]]>
              </value>
            </param>
            <param index="4">
              <value>
                <![CDATA[?]]>
              </value>
            </param>
            <param index="5">
              <value>
                <![CDATA[d+]]>
              </value>
            </param>
          </params>
          <reporter-output>
          </reporter-output>
        </test-method> <!-- invalidRegistrationIndex -->
        <test-method is-config="true" signature="tearDown()[pri:0, instance:testAbv.NegativeTest@865dd6]" started-at="2021-01-31T20:52:08 EET" name="tearDown" finished-at="2021-01-31T20:52:09 EET" duration-ms="853" status="PASS">
          <reporter-output>
          </reporter-output>
        </test-method> <!-- tearDown -->
      </class> <!-- testAbv.NegativeTest -->
    </test> <!-- Default test -->
  </suite> <!-- Default suite -->
</testng-results>
