<?xml version="1.0" encoding="UTF-8"?>
<!-- Generated by org.testng.reporters.JUnitXMLReporter -->
<testsuite ignored="0" hostname="DESKTOP-HOFM65N" failures="0" tests="9" name="Default test" time="20.017" errors="0" timestamp="2021-01-31T20:52:09 EET">
  <testcase classname="testAbv.NegativeTest" name="emptyFieldValidation" time="0.337"/>
  <testcase classname="testAbv.NegativeTest" name="checkTelField" time="0.248"/>
  <testcase classname="testAbv.NegativeTest" name="checkTelField" time="0.102"/>
  <testcase classname="testAbv.NegativeTest" name="checkTelField" time="0.154"/>
  <testcase classname="testAbv.NegativeTest" name="checkTelField" time="0.115"/>
  <testcase classname="testAbv.NegativeTest" name="checkAbvUserField" time="0.18"/>
  <testcase classname="testAbv.NegativeTest" name="checkAbvUserField" time="0.136"/>
  <testcase classname="testAbv.NegativeTest" name="invalidRegistrationIndex" time="1.995"/>
  <testcase classname="testAbv.NegativeTest" name="invalidRegistrationIndex" time="0.967"/>
</testsuite> <!-- Default test -->
