<?xml version="1.0" encoding="UTF-8"?>
<!-- Generated by org.testng.reporters.JUnitXMLReporter -->
<testsuite ignored="0" hostname="DESKTOP-HOFM65N" failures="0" tests="9" name="Default test" time="18.367" errors="0" timestamp="2021-01-23T14:02:13 EET">
  <testcase classname="testAbv.NegativeTest" name="emptyFieldValidation" time="0.608"/>
  <testcase classname="testAbv.NegativeTest" name="checkTelField" time="0.231"/>
  <testcase classname="testAbv.NegativeTest" name="checkTelField" time="0.119"/>
  <testcase classname="testAbv.NegativeTest" name="checkTelField" time="0.183"/>
  <testcase classname="testAbv.NegativeTest" name="checkTelField" time="0.135"/>
  <testcase classname="testAbv.NegativeTest" name="checkAbvUserField" time="0.211"/>
  <testcase classname="testAbv.NegativeTest" name="checkAbvUserField" time="0.127"/>
  <testcase classname="testAbv.NegativeTest" name="invalidRegistrationIndex" time="0.85"/>
  <testcase classname="testAbv.NegativeTest" name="invalidRegistrationIndex" time="1.945"/>
</testsuite> <!-- Default test -->
